This is pdfTeX, Version 3.1415926-1.40.11 (TeX Live 2010/MacPorts 2010_4) (format=latex 2011.8.8)  13 JAN 2012 15:41
entering extended mode
 restricted \write18 enabled.
 %&-line parsing enabled.
**nddiss2e.ins
(./nddiss2e.ins
LaTeX2e <2009/09/24>
Babel <v3.8l> and hyphenation patterns for english, dumylang, nohyphenation, lo
aded.
(/opt/local/share/texmf-texlive-dist/tex/latex/base/docstrip.tex
\blockLevel=\count79
\emptyLines=\count80
\processedLines=\count81
\commentsRemoved=\count82
\commentsPassed=\count83
\codeLinesPassed=\count84
\TotalprocessedLines=\count85
\TotalcommentsRemoved=\count86
\TotalcommentsPassed=\count87
\TotalcodeLinesPassed=\count88
\NumberOfFiles=\count89
\inFile=\read1
\inputcheck=\read2
\off@0=\count90
\off@1=\count91
\off@2=\count92
\off@3=\count93
\off@4=\count94
\off@5=\count95
\off@6=\count96
\off@7=\count97
\off@8=\count98
\off@9=\count99
\off@10=\count100
\off@11=\count101
\off@12=\count102
\off@13=\count103
\off@14=\count104
\off@15=\count105
\@maxfiles=\count106
\@maxoutfiles=\count107

Utility: `docstrip' 2.5d <2005/07/29>
English documentation    <1999/03/31>

**********************************************************
* This program converts documented macro-files into fast *
* loadable files by stripping off (nearly) all comments! *
**********************************************************

********************************************************
* No Configuration file found, using default settings. *
********************************************************

)

Generating file(s) ./nddiss2e.cls ./template.tex 
\openout0 = `./nddiss2e.cls'.

\openout1 = `./template.tex'.


Processing file nddiss2e.dtx (class) -> nddiss2e.cls
                             (template) -> template.tex
File nddiss2e.dtx ended by \endinput.
Lines  processed: 2106
Comments removed: 1343
Comments  passed: 2
Codelines passed: 749

****************************************************************
*                                                              *
* To finish the installation of the nddiss2e package, you have *
* to move the following file into a directory searched by TeX: *
*                                                              *
*          nddiss2e.cls                                        *
*                                                              *
* To produce the documentation, run the file ``nddiss2e.dtx''  *
* through LaTeX atleast 3 times.                               *
* (i.e. (pdf)latex nddiss2e.dtx)                               *
*                                                              *
* You may use `template.tex' as a guide for the structure of   *
* your document.                                               *
*                                                              *
****************************************************************
 ) 
Here is how much of TeX's memory you used:
 322 strings out of 495075
 3299 string characters out of 3182106
 52530 words of memory out of 3000000
 3592 multiletter control sequences out of 15000+200000
 3640 words of font info for 14 fonts, out of 3000000 for 9000
 14 hyphenation exceptions out of 8191
 11i,0n,15p,132b,131s stack positions out of 5000i,500n,10000p,200000b,50000s

No pages of output.
